2022-11-23 11:47:10.069 [main] INFO  com.gameserver.GameServerApplication[55] - Starting GameServerApplication using Java 17.0.4 on LAPTOP-4IT7CHD7 with PID 46680 (D:\Code\Java Program\Game\GameServer\target\classes started by admin in D:\Code\Java Program\Game)
2022-11-23 11:47:10.075 [main] INFO  com.gameserver.GameServerApplication[659] - No active profile set, falling back to default profiles: default
2022-11-23 11:47:11.041 [main] INFO  o.s.boot.web.embedded.tomcat.TomcatWebServer[108] - Tomcat initialized with port(s): 8081 (http)
2022-11-23 11:47:11.047 [main] INFO  org.apache.coyote.http11.Http11NioProtocol[173] - Initializing ProtocolHandler ["http-nio-8081"]
2022-11-23 11:47:11.048 [main] INFO  org.apache.catalina.core.StandardService[173] - Starting service [Tomcat]
2022-11-23 11:47:11.048 [main] INFO  org.apache.catalina.core.StandardEngine[173] - Starting Servlet engine: [Apache Tomcat/9.0.53]
2022-11-23 11:47:11.108 [main] INFO  o.a.c.core.ContainerBase.[Tomcat].[localhost].[/][173] - Initializing Spring embedded WebApplicationContext
2022-11-23 11:47:11.108 [main] INFO  o.s.b.w.s.c.ServletWebServerApplicationContext[290] - Root WebApplicationContext: initialization completed in 993 ms
2022-11-23 11:47:11.905 [main] INFO  org.apache.coyote.http11.Http11NioProtocol[173] - Starting ProtocolHandler ["http-nio-8081"]
2022-11-23 11:47:11.935 [main] INFO  o.s.boot.web.embedded.tomcat.TomcatWebServer[220] - Tomcat started on port(s): 8081 (http) with context path ''
2022-11-23 11:47:12.043 [main] WARN  s.d.s.r.operation.OperationImplicitParameterReader[170] - Unable to interpret the implicit parameter configuration with dataType: String, dataTypeClass: class java.lang.Void
2022-11-23 11:47:12.051 [main] WARN  s.d.s.r.operation.OperationImplicitParameterReader[170] - Unable to interpret the implicit parameter configuration with dataType: String, dataTypeClass: class java.lang.Void
2022-11-23 11:47:12.054 [main] WARN  s.d.s.r.operation.OperationImplicitParameterReader[170] - Unable to interpret the implicit parameter configuration with dataType: String, dataTypeClass: class java.lang.Void
2022-11-23 11:47:12.055 [main] WARN  s.d.s.r.operation.OperationImplicitParameterReader[170] - Unable to interpret the implicit parameter configuration with dataType: String, dataTypeClass: class java.lang.Void
2022-11-23 11:47:12.060 [main] WARN  s.d.s.r.operation.OperationImplicitParameterReader[170] - Unable to interpret the implicit parameter configuration with dataType: String, dataTypeClass: class java.lang.Void
2022-11-23 11:47:12.061 [main] WARN  s.d.s.r.operation.OperationImplicitParameterReader[170] - Unable to interpret the implicit parameter configuration with dataType: String, dataTypeClass: class java.lang.Void
2022-11-23 11:47:12.064 [main] WARN  s.d.s.r.operation.OperationImplicitParameterReader[170] - Unable to interpret the implicit parameter configuration with dataType: String, dataTypeClass: class java.lang.Void
2022-11-23 11:47:12.076 [main] WARN  s.d.s.r.operation.OperationImplicitParameterReader[170] - Unable to interpret the implicit parameter configuration with dataType: String, dataTypeClass: class java.lang.Void
2022-11-23 11:47:12.077 [main] WARN  s.d.s.r.operation.OperationImplicitParameterReader[170] - Unable to interpret the implicit parameter configuration with dataType: String, dataTypeClass: class java.lang.Void
2022-11-23 11:47:12.079 [main] WARN  s.d.s.r.operation.OperationImplicitParameterReader[170] - Unable to interpret the implicit parameter configuration with dataType: String, dataTypeClass: class java.lang.Void
2022-11-23 11:47:12.081 [main] WARN  s.d.s.r.operation.OperationImplicitParameterReader[170] - Unable to interpret the implicit parameter configuration with dataType: String, dataTypeClass: class java.lang.Void
2022-11-23 11:47:12.082 [main] WARN  s.d.s.r.operation.OperationImplicitParameterReader[170] - Unable to interpret the implicit parameter configuration with dataType: String, dataTypeClass: class java.lang.Void
2022-11-23 11:47:12.084 [main] WARN  s.d.s.r.operation.OperationImplicitParameterReader[170] - Unable to interpret the implicit parameter configuration with dataType: String, dataTypeClass: class java.lang.Void
2022-11-23 11:47:12.085 [main] WARN  s.d.s.r.operation.OperationImplicitParameterReader[170] - Unable to interpret the implicit parameter configuration with dataType: String, dataTypeClass: class java.lang.Void
2022-11-23 11:47:12.086 [main] WARN  s.d.s.r.operation.OperationImplicitParameterReader[170] - Unable to interpret the implicit parameter configuration with dataType: String, dataTypeClass: class java.lang.Void
2022-11-23 11:47:12.101 [main] INFO  com.gameserver.GameServerApplication[61] - Started GameServerApplication in 2.451 seconds (JVM running for 3.117)
2022-11-23 11:47:12.135 [main] INFO  com.zaxxer.hikari.HikariDataSource[110] - HikariPool-1 - Starting...
2022-11-23 11:47:12.342 [main] INFO  com.zaxxer.hikari.HikariDataSource[123] - HikariPool-1 - Start completed.
2022-11-23 11:47:38.195 [http-nio-8081-exec-1] INFO  o.a.c.core.ContainerBase.[Tomcat].[localhost].[/][173] - Initializing Spring DispatcherServlet 'dispatcherServlet'
2022-11-23 11:47:38.195 [http-nio-8081-exec-1] INFO  org.springframework.web.servlet.DispatcherServlet[525] - Initializing Servlet 'dispatcherServlet'
2022-11-23 11:47:38.196 [http-nio-8081-exec-1] INFO  org.springframework.web.servlet.DispatcherServlet[547] - Completed initialization in 1 ms
2022-11-23 17:39:02.150 [SpringApplicationShutdownHook] INFO  com.zaxxer.hikari.HikariDataSource[350] - HikariPool-1 - Shutdown initiated...
2022-11-23 17:39:02.163 [SpringApplicationShutdownHook] INFO  com.zaxxer.hikari.HikariDataSource[352] - HikariPool-1 - Shutdown completed.
2022-11-23 18:21:26.307 [main] INFO  com.gameserver.GameServerApplication[55] - Starting GameServerApplication using Java 17.0.4 on LAPTOP-4IT7CHD7 with PID 65100 (D:\Code\Java Program\Game\GameServer\target\classes started by admin in D:\Code\Java Program\Game)
2022-11-23 18:21:26.311 [main] INFO  com.gameserver.GameServerApplication[659] - No active profile set, falling back to default profiles: default
2022-11-23 18:21:27.759 [main] INFO  o.s.boot.web.embedded.tomcat.TomcatWebServer[108] - Tomcat initialized with port(s): 8081 (http)
2022-11-23 18:21:27.773 [main] INFO  org.apache.coyote.http11.Http11NioProtocol[173] - Initializing ProtocolHandler ["http-nio-8081"]
2022-11-23 18:21:27.774 [main] INFO  org.apache.catalina.core.StandardService[173] - Starting service [Tomcat]
2022-11-23 18:21:27.775 [main] INFO  org.apache.catalina.core.StandardEngine[173] - Starting Servlet engine: [Apache Tomcat/9.0.53]
2022-11-23 18:21:27.887 [main] INFO  o.a.c.core.ContainerBase.[Tomcat].[localhost].[/][173] - Initializing Spring embedded WebApplicationContext
2022-11-23 18:21:27.887 [main] INFO  o.s.b.w.s.c.ServletWebServerApplicationContext[290] - Root WebApplicationContext: initialization completed in 1509 ms
2022-11-23 18:21:29.081 [main] INFO  org.apache.coyote.http11.Http11NioProtocol[173] - Starting ProtocolHandler ["http-nio-8081"]
2022-11-23 18:21:29.121 [main] INFO  o.s.boot.web.embedded.tomcat.TomcatWebServer[220] - Tomcat started on port(s): 8081 (http) with context path ''
2022-11-23 18:21:29.254 [main] WARN  s.d.s.r.operation.OperationImplicitParameterReader[170] - Unable to interpret the implicit parameter configuration with dataType: String, dataTypeClass: class java.lang.Void
2022-11-23 18:21:29.267 [main] WARN  s.d.s.r.operation.OperationImplicitParameterReader[170] - Unable to interpret the implicit parameter configuration with dataType: String, dataTypeClass: class java.lang.Void
2022-11-23 18:21:29.271 [main] WARN  s.d.s.r.operation.OperationImplicitParameterReader[170] - Unable to interpret the implicit parameter configuration with dataType: String, dataTypeClass: class java.lang.Void
2022-11-23 18:21:29.273 [main] WARN  s.d.s.r.operation.OperationImplicitParameterReader[170] - Unable to interpret the implicit parameter configuration with dataType: String, dataTypeClass: class java.lang.Void
2022-11-23 18:21:29.280 [main] WARN  s.d.s.r.operation.OperationImplicitParameterReader[170] - Unable to interpret the implicit parameter configuration with dataType: String, dataTypeClass: class java.lang.Void
2022-11-23 18:21:29.282 [main] WARN  s.d.s.r.operation.OperationImplicitParameterReader[170] - Unable to interpret the implicit parameter configuration with dataType: String, dataTypeClass: class java.lang.Void
2022-11-23 18:21:29.286 [main] WARN  s.d.s.r.operation.OperationImplicitParameterReader[170] - Unable to interpret the implicit parameter configuration with dataType: String, dataTypeClass: class java.lang.Void
2022-11-23 18:21:29.306 [main] WARN  s.d.s.r.operation.OperationImplicitParameterReader[170] - Unable to interpret the implicit parameter configuration with dataType: String, dataTypeClass: class java.lang.Void
2022-11-23 18:21:29.308 [main] WARN  s.d.s.r.operation.OperationImplicitParameterReader[170] - Unable to interpret the implicit parameter configuration with dataType: String, dataTypeClass: class java.lang.Void
2022-11-23 18:21:29.311 [main] WARN  s.d.s.r.operation.OperationImplicitParameterReader[170] - Unable to interpret the implicit parameter configuration with dataType: String, dataTypeClass: class java.lang.Void
2022-11-23 18:21:29.313 [main] WARN  s.d.s.r.operation.OperationImplicitParameterReader[170] - Unable to interpret the implicit parameter configuration with dataType: String, dataTypeClass: class java.lang.Void
2022-11-23 18:21:29.316 [main] WARN  s.d.s.r.operation.OperationImplicitParameterReader[170] - Unable to interpret the implicit parameter configuration with dataType: String, dataTypeClass: class java.lang.Void
2022-11-23 18:21:29.318 [main] WARN  s.d.s.r.operation.OperationImplicitParameterReader[170] - Unable to interpret the implicit parameter configuration with dataType: String, dataTypeClass: class java.lang.Void
2022-11-23 18:21:29.320 [main] WARN  s.d.s.r.operation.OperationImplicitParameterReader[170] - Unable to interpret the implicit parameter configuration with dataType: String, dataTypeClass: class java.lang.Void
2022-11-23 18:21:29.323 [main] WARN  s.d.s.r.operation.OperationImplicitParameterReader[170] - Unable to interpret the implicit parameter configuration with dataType: String, dataTypeClass: class java.lang.Void
2022-11-23 18:21:29.344 [main] INFO  com.gameserver.GameServerApplication[61] - Started GameServerApplication in 3.665 seconds (JVM running for 4.873)
2022-11-23 18:21:29.397 [main] INFO  com.zaxxer.hikari.HikariDataSource[110] - HikariPool-1 - Starting...
2022-11-23 18:21:29.724 [main] INFO  com.zaxxer.hikari.HikariDataSource[123] - HikariPool-1 - Start completed.
