2022-06-19 12:11:41.189 [main] INFO  com.gameserver.GameServerApplication[55] - Starting GameServerApplication using Java 1.8.0_261 on DESKTOP-P25BT9T with PID 20536 (D:\IdeaProjects\Game\GameServer\target\classes started by KittyGuy in D:\IdeaProjects\Game)
2022-06-19 12:11:41.189 [main] INFO  com.gameserver.GameServerApplication[659] - No active profile set, falling back to default profiles: default
2022-06-19 12:11:42.923 [main] INFO  o.s.boot.web.embedded.tomcat.TomcatWebServer[108] - Tomcat initialized with port(s): 8081 (http)
2022-06-19 12:11:42.923 [main] INFO  org.apache.coyote.http11.Http11NioProtocol[173] - Initializing ProtocolHandler ["http-nio-8081"]
2022-06-19 12:11:42.923 [main] INFO  org.apache.catalina.core.StandardService[173] - Starting service [Tomcat]
2022-06-19 12:11:42.923 [main] INFO  org.apache.catalina.core.StandardEngine[173] - Starting Servlet engine: [Apache Tomcat/9.0.53]
2022-06-19 12:11:42.923 [main] INFO  org.apache.catalina.core.AprLifecycleListener[173] - An older version [1.2.26] of the Apache Tomcat Native library is installed, while Tomcat recommends a minimum version of [1.2.30]
2022-06-19 12:11:42.939 [main] INFO  org.apache.catalina.core.AprLifecycleListener[173] - Loaded Apache Tomcat Native library [1.2.26] using APR version [1.7.0].
2022-06-19 12:11:42.939 [main] INFO  org.apache.catalina.core.AprLifecycleListener[173] - APR capabilities: IPv6 [true], sendfile [true], accept filters [false], random [true], UDS [true].
2022-06-19 12:11:42.939 [main] INFO  org.apache.catalina.core.AprLifecycleListener[173] - APR/OpenSSL configuration: useAprConnector [false], useOpenSSL [true]
2022-06-19 12:11:42.939 [main] INFO  org.apache.catalina.core.AprLifecycleListener[173] - OpenSSL successfully initialized [OpenSSL 1.1.1i  8 Dec 2020]
2022-06-19 12:11:43.048 [main] INFO  o.a.c.core.ContainerBase.[Tomcat].[localhost].[/][173] - Initializing Spring embedded WebApplicationContext
2022-06-19 12:11:43.048 [main] INFO  o.s.b.w.s.c.ServletWebServerApplicationContext[290] - Root WebApplicationContext: initialization completed in 1796 ms
2022-06-19 12:11:45.048 [main] INFO  org.apache.coyote.http11.Http11NioProtocol[173] - Starting ProtocolHandler ["http-nio-8081"]
2022-06-19 12:11:45.063 [main] INFO  o.s.boot.web.embedded.tomcat.TomcatWebServer[220] - Tomcat started on port(s): 8081 (http) with context path ''
2022-06-19 12:11:45.274 [main] WARN  s.d.s.r.operation.OperationImplicitParameterReader[170] - Unable to interpret the implicit parameter configuration with dataType: String, dataTypeClass: class java.lang.Void
2022-06-19 12:11:45.290 [main] WARN  s.d.s.r.operation.OperationImplicitParameterReader[170] - Unable to interpret the implicit parameter configuration with dataType: String, dataTypeClass: class java.lang.Void
2022-06-19 12:11:45.306 [main] WARN  s.d.s.r.operation.OperationImplicitParameterReader[170] - Unable to interpret the implicit parameter configuration with dataType: String, dataTypeClass: class java.lang.Void
2022-06-19 12:11:45.306 [main] WARN  s.d.s.r.operation.OperationImplicitParameterReader[170] - Unable to interpret the implicit parameter configuration with dataType: String, dataTypeClass: class java.lang.Void
2022-06-19 12:11:45.326 [main] WARN  s.d.s.r.operation.OperationImplicitParameterReader[170] - Unable to interpret the implicit parameter configuration with dataType: String, dataTypeClass: class java.lang.Void
2022-06-19 12:11:45.327 [main] WARN  s.d.s.r.operation.OperationImplicitParameterReader[170] - Unable to interpret the implicit parameter configuration with dataType: String, dataTypeClass: class java.lang.Void
2022-06-19 12:11:45.327 [main] WARN  s.d.s.r.operation.OperationImplicitParameterReader[170] - Unable to interpret the implicit parameter configuration with dataType: String, dataTypeClass: class java.lang.Void
2022-06-19 12:11:45.342 [main] WARN  s.d.s.r.operation.OperationImplicitParameterReader[170] - Unable to interpret the implicit parameter configuration with dataType: String, dataTypeClass: class java.lang.Void
2022-06-19 12:11:45.358 [main] WARN  s.d.s.r.operation.OperationImplicitParameterReader[170] - Unable to interpret the implicit parameter configuration with dataType: String, dataTypeClass: class java.lang.Void
2022-06-19 12:11:45.358 [main] WARN  s.d.s.r.operation.OperationImplicitParameterReader[170] - Unable to interpret the implicit parameter configuration with dataType: String, dataTypeClass: class java.lang.Void
2022-06-19 12:11:45.358 [main] WARN  s.d.s.r.operation.OperationImplicitParameterReader[170] - Unable to interpret the implicit parameter configuration with dataType: String, dataTypeClass: class java.lang.Void
2022-06-19 12:11:45.358 [main] WARN  s.d.s.r.operation.OperationImplicitParameterReader[170] - Unable to interpret the implicit parameter configuration with dataType: String, dataTypeClass: class java.lang.Void
2022-06-19 12:11:45.374 [main] WARN  s.d.s.r.operation.OperationImplicitParameterReader[170] - Unable to interpret the implicit parameter configuration with dataType: String, dataTypeClass: class java.lang.Void
2022-06-19 12:11:45.374 [main] WARN  s.d.s.r.operation.OperationImplicitParameterReader[170] - Unable to interpret the implicit parameter configuration with dataType: String, dataTypeClass: class java.lang.Void
2022-06-19 12:11:45.374 [main] WARN  s.d.s.r.operation.OperationImplicitParameterReader[170] - Unable to interpret the implicit parameter configuration with dataType: String, dataTypeClass: class java.lang.Void
2022-06-19 12:11:45.405 [main] INFO  com.gameserver.GameServerApplication[61] - Started GameServerApplication in 5.061 seconds (JVM running for 6.56)
2022-06-19 12:11:45.452 [main] INFO  com.zaxxer.hikari.HikariDataSource[110] - HikariPool-1 - Starting...
2022-06-19 12:11:46.498 [main] INFO  com.zaxxer.hikari.HikariDataSource[123] - HikariPool-1 - Start completed.
2022-06-19 12:11:52.057 [SpringApplicationShutdownHook] INFO  com.zaxxer.hikari.HikariDataSource[350] - HikariPool-1 - Shutdown initiated...
2022-06-19 12:11:52.073 [SpringApplicationShutdownHook] INFO  com.zaxxer.hikari.HikariDataSource[352] - HikariPool-1 - Shutdown completed.
2022-06-19 12:11:55.171 [main] INFO  com.gameserver.GameServerApplication[55] - Starting GameServerApplication using Java 1.8.0_261 on DESKTOP-P25BT9T with PID 22376 (D:\IdeaProjects\Game\GameServer\target\classes started by KittyGuy in D:\IdeaProjects\Game)
2022-06-19 12:11:55.171 [main] INFO  com.gameserver.GameServerApplication[659] - No active profile set, falling back to default profiles: default
2022-06-19 12:11:56.405 [main] INFO  o.s.boot.web.embedded.tomcat.TomcatWebServer[108] - Tomcat initialized with port(s): 8081 (http)
2022-06-19 12:11:56.405 [main] INFO  org.apache.coyote.http11.Http11NioProtocol[173] - Initializing ProtocolHandler ["http-nio-8081"]
2022-06-19 12:11:56.405 [main] INFO  org.apache.catalina.core.StandardService[173] - Starting service [Tomcat]
2022-06-19 12:11:56.405 [main] INFO  org.apache.catalina.core.StandardEngine[173] - Starting Servlet engine: [Apache Tomcat/9.0.53]
2022-06-19 12:11:56.405 [main] INFO  org.apache.catalina.core.AprLifecycleListener[173] - An older version [1.2.26] of the Apache Tomcat Native library is installed, while Tomcat recommends a minimum version of [1.2.30]
2022-06-19 12:11:56.405 [main] INFO  org.apache.catalina.core.AprLifecycleListener[173] - Loaded Apache Tomcat Native library [1.2.26] using APR version [1.7.0].
2022-06-19 12:11:56.405 [main] INFO  org.apache.catalina.core.AprLifecycleListener[173] - APR capabilities: IPv6 [true], sendfile [true], accept filters [false], random [true], UDS [true].
2022-06-19 12:11:56.405 [main] INFO  org.apache.catalina.core.AprLifecycleListener[173] - APR/OpenSSL configuration: useAprConnector [false], useOpenSSL [true]
2022-06-19 12:11:56.405 [main] INFO  org.apache.catalina.core.AprLifecycleListener[173] - OpenSSL successfully initialized [OpenSSL 1.1.1i  8 Dec 2020]
2022-06-19 12:11:56.499 [main] INFO  o.a.c.core.ContainerBase.[Tomcat].[localhost].[/][173] - Initializing Spring embedded WebApplicationContext
2022-06-19 12:11:56.499 [main] INFO  o.s.b.w.s.c.ServletWebServerApplicationContext[290] - Root WebApplicationContext: initialization completed in 1265 ms
2022-06-19 12:11:58.186 [main] INFO  org.apache.coyote.http11.Http11NioProtocol[173] - Starting ProtocolHandler ["http-nio-8081"]
2022-06-19 12:11:58.202 [main] INFO  o.s.boot.web.embedded.tomcat.TomcatWebServer[220] - Tomcat started on port(s): 8081 (http) with context path ''
2022-06-19 12:11:58.374 [main] WARN  s.d.s.r.operation.OperationImplicitParameterReader[170] - Unable to interpret the implicit parameter configuration with dataType: String, dataTypeClass: class java.lang.Void
2022-06-19 12:11:58.374 [main] WARN  s.d.s.r.operation.OperationImplicitParameterReader[170] - Unable to interpret the implicit parameter configuration with dataType: String, dataTypeClass: class java.lang.Void
2022-06-19 12:11:58.389 [main] WARN  s.d.s.r.operation.OperationImplicitParameterReader[170] - Unable to interpret the implicit parameter configuration with dataType: String, dataTypeClass: class java.lang.Void
2022-06-19 12:11:58.389 [main] WARN  s.d.s.r.operation.OperationImplicitParameterReader[170] - Unable to interpret the implicit parameter configuration with dataType: String, dataTypeClass: class java.lang.Void
2022-06-19 12:11:58.389 [main] WARN  s.d.s.r.operation.OperationImplicitParameterReader[170] - Unable to interpret the implicit parameter configuration with dataType: String, dataTypeClass: class java.lang.Void
2022-06-19 12:11:58.389 [main] WARN  s.d.s.r.operation.OperationImplicitParameterReader[170] - Unable to interpret the implicit parameter configuration with dataType: String, dataTypeClass: class java.lang.Void
2022-06-19 12:11:58.405 [main] WARN  s.d.s.r.operation.OperationImplicitParameterReader[170] - Unable to interpret the implicit parameter configuration with dataType: String, dataTypeClass: class java.lang.Void
2022-06-19 12:11:58.420 [main] WARN  s.d.s.r.operation.OperationImplicitParameterReader[170] - Unable to interpret the implicit parameter configuration with dataType: String, dataTypeClass: class java.lang.Void
2022-06-19 12:11:58.420 [main] WARN  s.d.s.r.operation.OperationImplicitParameterReader[170] - Unable to interpret the implicit parameter configuration with dataType: String, dataTypeClass: class java.lang.Void
2022-06-19 12:11:58.420 [main] WARN  s.d.s.r.operation.OperationImplicitParameterReader[170] - Unable to interpret the implicit parameter configuration with dataType: String, dataTypeClass: class java.lang.Void
2022-06-19 12:11:58.420 [main] WARN  s.d.s.r.operation.OperationImplicitParameterReader[170] - Unable to interpret the implicit parameter configuration with dataType: String, dataTypeClass: class java.lang.Void
2022-06-19 12:11:58.420 [main] WARN  s.d.s.r.operation.OperationImplicitParameterReader[170] - Unable to interpret the implicit parameter configuration with dataType: String, dataTypeClass: class java.lang.Void
2022-06-19 12:11:58.420 [main] WARN  s.d.s.r.operation.OperationImplicitParameterReader[170] - Unable to interpret the implicit parameter configuration with dataType: String, dataTypeClass: class java.lang.Void
2022-06-19 12:11:58.436 [main] WARN  s.d.s.r.operation.OperationImplicitParameterReader[170] - Unable to interpret the implicit parameter configuration with dataType: String, dataTypeClass: class java.lang.Void
2022-06-19 12:11:58.436 [main] WARN  s.d.s.r.operation.OperationImplicitParameterReader[170] - Unable to interpret the implicit parameter configuration with dataType: String, dataTypeClass: class java.lang.Void
2022-06-19 12:11:58.452 [main] INFO  com.gameserver.GameServerApplication[61] - Started GameServerApplication in 3.832 seconds (JVM running for 5.06)
2022-06-19 12:11:58.483 [main] INFO  com.zaxxer.hikari.HikariDataSource[110] - HikariPool-1 - Starting...
2022-06-19 12:11:59.108 [main] INFO  com.zaxxer.hikari.HikariDataSource[123] - HikariPool-1 - Start completed.
2022-06-19 12:12:02.584 [http-nio-8081-exec-1] INFO  o.a.c.core.ContainerBase.[Tomcat].[localhost].[/][173] - Initializing Spring DispatcherServlet 'dispatcherServlet'
2022-06-19 12:12:02.585 [http-nio-8081-exec-1] INFO  org.springframework.web.servlet.DispatcherServlet[525] - Initializing Servlet 'dispatcherServlet'
2022-06-19 12:12:02.587 [http-nio-8081-exec-1] INFO  org.springframework.web.servlet.DispatcherServlet[547] - Completed initialization in 2 ms
2022-06-19 14:51:06.312 [http-nio-8081-exec-3] INFO  com.gameserver.service.PlayerService[129] - Player(accountId=5, nickName=player001, lv=1, profile=0, coin=999, checkPoint=1, lastFreeLotteryTime=null)
2022-06-19 20:20:18.149 [SpringApplicationShutdownHook] INFO  com.zaxxer.hikari.HikariDataSource[350] - HikariPool-1 - Shutdown initiated...
2022-06-19 20:20:18.171 [SpringApplicationShutdownHook] INFO  com.zaxxer.hikari.HikariDataSource[352] - HikariPool-1 - Shutdown completed.
