2021-11-12 21:37:07.831 [main] INFO  com.gameserver.GameServerApplication[55] - Starting GameServerApplication using Java 1.8.0_261 on DESKTOP-P25BT9T with PID 7844 (D:\IdeaProjects\Game\GameServer\target\classes started by KittyGuy in D:\IdeaProjects\Game)
2021-11-12 21:37:07.836 [main] INFO  com.gameserver.GameServerApplication[659] - No active profile set, falling back to default profiles: default
2021-11-12 21:37:09.129 [main] INFO  o.s.boot.web.embedded.tomcat.TomcatWebServer[108] - Tomcat initialized with port(s): 8081 (http)
2021-11-12 21:37:09.137 [main] INFO  org.apache.coyote.http11.Http11NioProtocol[173] - Initializing ProtocolHandler ["http-nio-8081"]
2021-11-12 21:37:09.138 [main] INFO  org.apache.catalina.core.StandardService[173] - Starting service [Tomcat]
2021-11-12 21:37:09.139 [main] INFO  org.apache.catalina.core.StandardEngine[173] - Starting Servlet engine: [Apache Tomcat/9.0.53]
2021-11-12 21:37:09.140 [main] INFO  org.apache.catalina.core.AprLifecycleListener[173] - An older version [1.2.26] of the Apache Tomcat Native library is installed, while Tomcat recommends a minimum version of [1.2.30]
2021-11-12 21:37:09.141 [main] INFO  org.apache.catalina.core.AprLifecycleListener[173] - Loaded Apache Tomcat Native library [1.2.26] using APR version [1.7.0].
2021-11-12 21:37:09.141 [main] INFO  org.apache.catalina.core.AprLifecycleListener[173] - APR capabilities: IPv6 [true], sendfile [true], accept filters [false], random [true], UDS [true].
2021-11-12 21:37:09.141 [main] INFO  org.apache.catalina.core.AprLifecycleListener[173] - APR/OpenSSL configuration: useAprConnector [false], useOpenSSL [true]
2021-11-12 21:37:09.155 [main] INFO  org.apache.catalina.core.AprLifecycleListener[173] - OpenSSL successfully initialized [OpenSSL 1.1.1i  8 Dec 2020]
2021-11-12 21:37:09.229 [main] INFO  o.a.c.core.ContainerBase.[Tomcat].[localhost].[/][173] - Initializing Spring embedded WebApplicationContext
2021-11-12 21:37:09.230 [main] INFO  o.s.b.w.s.c.ServletWebServerApplicationContext[290] - Root WebApplicationContext: initialization completed in 1358 ms
2021-11-12 21:37:10.599 [main] INFO  org.apache.coyote.http11.Http11NioProtocol[173] - Starting ProtocolHandler ["http-nio-8081"]
2021-11-12 21:37:10.610 [main] INFO  o.s.boot.web.embedded.tomcat.TomcatWebServer[220] - Tomcat started on port(s): 8081 (http) with context path ''
2021-11-12 21:37:10.651 [http-nio-8081-exec-1] INFO  o.a.c.core.ContainerBase.[Tomcat].[localhost].[/][173] - Initializing Spring DispatcherServlet 'dispatcherServlet'
2021-11-12 21:37:10.652 [http-nio-8081-exec-1] INFO  org.springframework.web.servlet.DispatcherServlet[525] - Initializing Servlet 'dispatcherServlet'
2021-11-12 21:37:10.653 [http-nio-8081-exec-1] INFO  org.springframework.web.servlet.DispatcherServlet[547] - Completed initialization in 1 ms
2021-11-12 21:37:10.720 [main] WARN  s.d.s.r.operation.OperationImplicitParameterReader[170] - Unable to interpret the implicit parameter configuration with dataType: String, dataTypeClass: class java.lang.Void
2021-11-12 21:37:10.756 [main] WARN  s.d.s.r.operation.OperationImplicitParameterReader[170] - Unable to interpret the implicit parameter configuration with dataType: String, dataTypeClass: class java.lang.Void
2021-11-12 21:37:10.766 [main] WARN  s.d.s.r.operation.OperationImplicitParameterReader[170] - Unable to interpret the implicit parameter configuration with dataType: String, dataTypeClass: class java.lang.Void
2021-11-12 21:37:10.770 [main] WARN  s.d.s.r.operation.OperationImplicitParameterReader[170] - Unable to interpret the implicit parameter configuration with dataType: String, dataTypeClass: class java.lang.Void
2021-11-12 21:37:10.792 [main] WARN  s.d.s.r.operation.OperationImplicitParameterReader[170] - Unable to interpret the implicit parameter configuration with dataType: String, dataTypeClass: class java.lang.Void
2021-11-12 21:37:10.795 [main] WARN  s.d.s.r.operation.OperationImplicitParameterReader[170] - Unable to interpret the implicit parameter configuration with dataType: String, dataTypeClass: class java.lang.Void
2021-11-12 21:37:10.805 [main] WARN  s.d.s.r.operation.OperationImplicitParameterReader[170] - Unable to interpret the implicit parameter configuration with dataType: String, dataTypeClass: class java.lang.Void
2021-11-12 21:37:10.824 [main] WARN  s.d.s.r.operation.OperationImplicitParameterReader[170] - Unable to interpret the implicit parameter configuration with dataType: String, dataTypeClass: class java.lang.Void
2021-11-12 21:37:10.826 [main] WARN  s.d.s.r.operation.OperationImplicitParameterReader[170] - Unable to interpret the implicit parameter configuration with dataType: String, dataTypeClass: class java.lang.Void
2021-11-12 21:37:10.830 [main] WARN  s.d.s.r.operation.OperationImplicitParameterReader[170] - Unable to interpret the implicit parameter configuration with dataType: String, dataTypeClass: class java.lang.Void
2021-11-12 21:37:10.834 [main] WARN  s.d.s.r.operation.OperationImplicitParameterReader[170] - Unable to interpret the implicit parameter configuration with dataType: String, dataTypeClass: class java.lang.Void
2021-11-12 21:37:10.838 [main] WARN  s.d.s.r.operation.OperationImplicitParameterReader[170] - Unable to interpret the implicit parameter configuration with dataType: String, dataTypeClass: class java.lang.Void
2021-11-12 21:37:10.841 [main] WARN  s.d.s.r.operation.OperationImplicitParameterReader[170] - Unable to interpret the implicit parameter configuration with dataType: String, dataTypeClass: class java.lang.Void
2021-11-12 21:37:10.843 [main] WARN  s.d.s.r.operation.OperationImplicitParameterReader[170] - Unable to interpret the implicit parameter configuration with dataType: String, dataTypeClass: class java.lang.Void
2021-11-12 21:37:10.845 [main] WARN  s.d.s.r.operation.OperationImplicitParameterReader[170] - Unable to interpret the implicit parameter configuration with dataType: String, dataTypeClass: class java.lang.Void
2021-11-12 21:37:10.860 [main] INFO  com.gameserver.GameServerApplication[61] - Started GameServerApplication in 3.472 seconds (JVM running for 4.333)
2021-11-12 21:37:10.916 [main] INFO  com.zaxxer.hikari.HikariDataSource[110] - HikariPool-1 - Starting...
2021-11-12 21:37:11.680 [main] INFO  com.zaxxer.hikari.HikariDataSource[123] - HikariPool-1 - Start completed.
2021-11-12 21:37:54.767 [http-nio-8081-exec-8] INFO  com.gameserver.service.PlayerService[130] - Player(accountId=5, nickName=player001, lv=1, profile=0, coin=999, checkPoint=1, lastFreeLotteryTime=null)
2021-11-12 21:47:49.081 [http-nio-8081-exec-7] INFO  com.gameserver.service.PlayerService[130] - Player(accountId=5, nickName=player001, lv=1, profile=0, coin=999, checkPoint=1, lastFreeLotteryTime=null)
2021-11-12 21:57:52.123 [http-nio-8081-exec-6] INFO  com.gameserver.service.PlayerService[130] - Player(accountId=5, nickName=player001, lv=1, profile=0, coin=999, checkPoint=1, lastFreeLotteryTime=null)
2021-11-12 22:11:50.956 [http-nio-8081-exec-7] INFO  com.gameserver.service.PlayerService[130] - Player(accountId=5, nickName=player001, lv=1, profile=0, coin=999, checkPoint=1, lastFreeLotteryTime=null)
2021-11-12 22:14:52.163 [http-nio-8081-exec-6] ERROR com.gameserver.service.TavernService[111] - getTavernInfo error: playerId=1 lastFreeLotteryTime=null
2021-11-12 22:41:42.945 [http-nio-8081-exec-9] INFO  com.gameserver.service.PlayerService[130] - Player(accountId=14, nickName=player001, lv=1, profile=0, coin=999, checkPoint=1, lastFreeLotteryTime=1970-01-01 08:00:00)
2021-11-12 22:48:20.502 [SpringApplicationShutdownHook] INFO  com.zaxxer.hikari.HikariDataSource[350] - HikariPool-1 - Shutdown initiated...
2021-11-12 22:48:20.511 [SpringApplicationShutdownHook] INFO  com.zaxxer.hikari.HikariDataSource[352] - HikariPool-1 - Shutdown completed.
2021-11-12 22:48:24.904 [main] INFO  com.gameserver.GameServerApplication[55] - Starting GameServerApplication using Java 1.8.0_261 on DESKTOP-P25BT9T with PID 1188 (D:\IdeaProjects\Game\GameServer\target\classes started by KittyGuy in D:\IdeaProjects\Game)
2021-11-12 22:48:24.907 [main] INFO  com.gameserver.GameServerApplication[659] - No active profile set, falling back to default profiles: default
2021-11-12 22:48:25.858 [main] INFO  o.s.boot.web.embedded.tomcat.TomcatWebServer[108] - Tomcat initialized with port(s): 8081 (http)
2021-11-12 22:48:25.865 [main] INFO  org.apache.coyote.http11.Http11NioProtocol[173] - Initializing ProtocolHandler ["http-nio-8081"]
2021-11-12 22:48:25.865 [main] INFO  org.apache.catalina.core.StandardService[173] - Starting service [Tomcat]
2021-11-12 22:48:25.865 [main] INFO  org.apache.catalina.core.StandardEngine[173] - Starting Servlet engine: [Apache Tomcat/9.0.53]
2021-11-12 22:48:25.866 [main] INFO  org.apache.catalina.core.AprLifecycleListener[173] - An older version [1.2.26] of the Apache Tomcat Native library is installed, while Tomcat recommends a minimum version of [1.2.30]
2021-11-12 22:48:25.866 [main] INFO  org.apache.catalina.core.AprLifecycleListener[173] - Loaded Apache Tomcat Native library [1.2.26] using APR version [1.7.0].
2021-11-12 22:48:25.866 [main] INFO  org.apache.catalina.core.AprLifecycleListener[173] - APR capabilities: IPv6 [true], sendfile [true], accept filters [false], random [true], UDS [true].
2021-11-12 22:48:25.866 [main] INFO  org.apache.catalina.core.AprLifecycleListener[173] - APR/OpenSSL configuration: useAprConnector [false], useOpenSSL [true]
2021-11-12 22:48:25.869 [main] INFO  org.apache.catalina.core.AprLifecycleListener[173] - OpenSSL successfully initialized [OpenSSL 1.1.1i  8 Dec 2020]
2021-11-12 22:48:25.935 [main] INFO  o.a.c.core.ContainerBase.[Tomcat].[localhost].[/][173] - Initializing Spring embedded WebApplicationContext
2021-11-12 22:48:25.935 [main] INFO  o.s.b.w.s.c.ServletWebServerApplicationContext[290] - Root WebApplicationContext: initialization completed in 996 ms
2021-11-12 22:48:27.134 [main] INFO  org.apache.coyote.http11.Http11NioProtocol[173] - Starting ProtocolHandler ["http-nio-8081"]
2021-11-12 22:48:27.145 [main] INFO  o.s.boot.web.embedded.tomcat.TomcatWebServer[220] - Tomcat started on port(s): 8081 (http) with context path ''
2021-11-12 22:48:27.244 [main] WARN  s.d.s.r.operation.OperationImplicitParameterReader[170] - Unable to interpret the implicit parameter configuration with dataType: String, dataTypeClass: class java.lang.Void
2021-11-12 22:48:27.265 [main] WARN  s.d.s.r.operation.OperationImplicitParameterReader[170] - Unable to interpret the implicit parameter configuration with dataType: String, dataTypeClass: class java.lang.Void
2021-11-12 22:48:27.271 [main] WARN  s.d.s.r.operation.OperationImplicitParameterReader[170] - Unable to interpret the implicit parameter configuration with dataType: String, dataTypeClass: class java.lang.Void
2021-11-12 22:48:27.272 [main] WARN  s.d.s.r.operation.OperationImplicitParameterReader[170] - Unable to interpret the implicit parameter configuration with dataType: String, dataTypeClass: class java.lang.Void
2021-11-12 22:48:27.285 [main] WARN  s.d.s.r.operation.OperationImplicitParameterReader[170] - Unable to interpret the implicit parameter configuration with dataType: String, dataTypeClass: class java.lang.Void
2021-11-12 22:48:27.287 [main] WARN  s.d.s.r.operation.OperationImplicitParameterReader[170] - Unable to interpret the implicit parameter configuration with dataType: String, dataTypeClass: class java.lang.Void
2021-11-12 22:48:27.290 [main] WARN  s.d.s.r.operation.OperationImplicitParameterReader[170] - Unable to interpret the implicit parameter configuration with dataType: String, dataTypeClass: class java.lang.Void
2021-11-12 22:48:27.309 [main] WARN  s.d.s.r.operation.OperationImplicitParameterReader[170] - Unable to interpret the implicit parameter configuration with dataType: String, dataTypeClass: class java.lang.Void
2021-11-12 22:48:27.311 [main] WARN  s.d.s.r.operation.OperationImplicitParameterReader[170] - Unable to interpret the implicit parameter configuration with dataType: String, dataTypeClass: class java.lang.Void
2021-11-12 22:48:27.314 [main] WARN  s.d.s.r.operation.OperationImplicitParameterReader[170] - Unable to interpret the implicit parameter configuration with dataType: String, dataTypeClass: class java.lang.Void
2021-11-12 22:48:27.316 [main] WARN  s.d.s.r.operation.OperationImplicitParameterReader[170] - Unable to interpret the implicit parameter configuration with dataType: String, dataTypeClass: class java.lang.Void
2021-11-12 22:48:27.318 [main] WARN  s.d.s.r.operation.OperationImplicitParameterReader[170] - Unable to interpret the implicit parameter configuration with dataType: String, dataTypeClass: class java.lang.Void
2021-11-12 22:48:27.319 [main] WARN  s.d.s.r.operation.OperationImplicitParameterReader[170] - Unable to interpret the implicit parameter configuration with dataType: String, dataTypeClass: class java.lang.Void
2021-11-12 22:48:27.321 [main] WARN  s.d.s.r.operation.OperationImplicitParameterReader[170] - Unable to interpret the implicit parameter configuration with dataType: String, dataTypeClass: class java.lang.Void
2021-11-12 22:48:27.322 [main] WARN  s.d.s.r.operation.OperationImplicitParameterReader[170] - Unable to interpret the implicit parameter configuration with dataType: String, dataTypeClass: class java.lang.Void
2021-11-12 22:48:27.334 [main] INFO  com.gameserver.GameServerApplication[61] - Started GameServerApplication in 2.843 seconds (JVM running for 3.689)
2021-11-12 22:48:27.367 [main] INFO  com.zaxxer.hikari.HikariDataSource[110] - HikariPool-1 - Starting...
2021-11-12 22:48:27.862 [main] INFO  com.zaxxer.hikari.HikariDataSource[123] - HikariPool-1 - Start completed.
2021-11-12 22:48:48.630 [http-nio-8081-exec-1] INFO  o.a.c.core.ContainerBase.[Tomcat].[localhost].[/][173] - Initializing Spring DispatcherServlet 'dispatcherServlet'
2021-11-12 22:48:48.630 [http-nio-8081-exec-1] INFO  org.springframework.web.servlet.DispatcherServlet[525] - Initializing Servlet 'dispatcherServlet'
2021-11-12 22:48:48.631 [http-nio-8081-exec-1] INFO  org.springframework.web.servlet.DispatcherServlet[547] - Completed initialization in 1 ms
2021-11-12 22:49:14.383 [http-nio-8081-exec-4] INFO  com.gameserver.service.PlayerService[129] - Player(accountId=15, nickName=player001, lv=1, profile=1, coin=999, checkPoint=1, lastFreeLotteryTime=1970-01-01 08:00:00)
2021-11-12 23:08:20.615 [SpringApplicationShutdownHook] INFO  com.zaxxer.hikari.HikariDataSource[350] - HikariPool-1 - Shutdown initiated...
2021-11-12 23:08:20.619 [SpringApplicationShutdownHook] INFO  com.zaxxer.hikari.HikariDataSource[352] - HikariPool-1 - Shutdown completed.
