2022-06-15 16:57:10.546 [main] INFO  com.gameserver.GameServerApplication[55] - Starting GameServerApplication using Java 1.8.0_261 on DESKTOP-P25BT9T with PID 20168 (D:\IdeaProjects\Game\GameServer\target\classes started by KittyGuy in D:\IdeaProjects\Game)
2022-06-15 16:57:10.555 [main] INFO  com.gameserver.GameServerApplication[659] - No active profile set, falling back to default profiles: default
2022-06-15 16:57:12.262 [main] INFO  o.s.boot.web.embedded.tomcat.TomcatWebServer[108] - Tomcat initialized with port(s): 8081 (http)
2022-06-15 16:57:12.272 [main] INFO  org.apache.coyote.http11.Http11NioProtocol[173] - Initializing ProtocolHandler ["http-nio-8081"]
2022-06-15 16:57:12.273 [main] INFO  org.apache.catalina.core.StandardService[173] - Starting service [Tomcat]
2022-06-15 16:57:12.274 [main] INFO  org.apache.catalina.core.StandardEngine[173] - Starting Servlet engine: [Apache Tomcat/9.0.53]
2022-06-15 16:57:12.275 [main] INFO  org.apache.catalina.core.AprLifecycleListener[173] - An older version [1.2.26] of the Apache Tomcat Native library is installed, while Tomcat recommends a minimum version of [1.2.30]
2022-06-15 16:57:12.276 [main] INFO  org.apache.catalina.core.AprLifecycleListener[173] - Loaded Apache Tomcat Native library [1.2.26] using APR version [1.7.0].
2022-06-15 16:57:12.276 [main] INFO  org.apache.catalina.core.AprLifecycleListener[173] - APR capabilities: IPv6 [true], sendfile [true], accept filters [false], random [true], UDS [true].
2022-06-15 16:57:12.276 [main] INFO  org.apache.catalina.core.AprLifecycleListener[173] - APR/OpenSSL configuration: useAprConnector [false], useOpenSSL [true]
2022-06-15 16:57:12.289 [main] INFO  org.apache.catalina.core.AprLifecycleListener[173] - OpenSSL successfully initialized [OpenSSL 1.1.1i  8 Dec 2020]
2022-06-15 16:57:12.399 [main] INFO  o.a.c.core.ContainerBase.[Tomcat].[localhost].[/][173] - Initializing Spring embedded WebApplicationContext
2022-06-15 16:57:12.399 [main] INFO  o.s.b.w.s.c.ServletWebServerApplicationContext[290] - Root WebApplicationContext: initialization completed in 1777 ms
2022-06-15 16:57:14.454 [main] INFO  org.apache.coyote.http11.Http11NioProtocol[173] - Starting ProtocolHandler ["http-nio-8081"]
2022-06-15 16:57:14.474 [main] INFO  o.s.boot.web.embedded.tomcat.TomcatWebServer[220] - Tomcat started on port(s): 8081 (http) with context path ''
2022-06-15 16:57:14.679 [main] WARN  s.d.s.r.operation.OperationImplicitParameterReader[170] - Unable to interpret the implicit parameter configuration with dataType: String, dataTypeClass: class java.lang.Void
2022-06-15 16:57:14.701 [main] WARN  s.d.s.r.operation.OperationImplicitParameterReader[170] - Unable to interpret the implicit parameter configuration with dataType: String, dataTypeClass: class java.lang.Void
2022-06-15 16:57:14.710 [main] WARN  s.d.s.r.operation.OperationImplicitParameterReader[170] - Unable to interpret the implicit parameter configuration with dataType: String, dataTypeClass: class java.lang.Void
2022-06-15 16:57:14.714 [main] WARN  s.d.s.r.operation.OperationImplicitParameterReader[170] - Unable to interpret the implicit parameter configuration with dataType: String, dataTypeClass: class java.lang.Void
2022-06-15 16:57:14.728 [main] WARN  s.d.s.r.operation.OperationImplicitParameterReader[170] - Unable to interpret the implicit parameter configuration with dataType: String, dataTypeClass: class java.lang.Void
2022-06-15 16:57:14.732 [main] WARN  s.d.s.r.operation.OperationImplicitParameterReader[170] - Unable to interpret the implicit parameter configuration with dataType: String, dataTypeClass: class java.lang.Void
2022-06-15 16:57:14.738 [main] WARN  s.d.s.r.operation.OperationImplicitParameterReader[170] - Unable to interpret the implicit parameter configuration with dataType: String, dataTypeClass: class java.lang.Void
2022-06-15 16:57:14.771 [main] WARN  s.d.s.r.operation.OperationImplicitParameterReader[170] - Unable to interpret the implicit parameter configuration with dataType: String, dataTypeClass: class java.lang.Void
2022-06-15 16:57:14.775 [main] WARN  s.d.s.r.operation.OperationImplicitParameterReader[170] - Unable to interpret the implicit parameter configuration with dataType: String, dataTypeClass: class java.lang.Void
2022-06-15 16:57:14.782 [main] WARN  s.d.s.r.operation.OperationImplicitParameterReader[170] - Unable to interpret the implicit parameter configuration with dataType: String, dataTypeClass: class java.lang.Void
2022-06-15 16:57:14.787 [main] WARN  s.d.s.r.operation.OperationImplicitParameterReader[170] - Unable to interpret the implicit parameter configuration with dataType: String, dataTypeClass: class java.lang.Void
2022-06-15 16:57:14.791 [main] WARN  s.d.s.r.operation.OperationImplicitParameterReader[170] - Unable to interpret the implicit parameter configuration with dataType: String, dataTypeClass: class java.lang.Void
2022-06-15 16:57:14.796 [main] WARN  s.d.s.r.operation.OperationImplicitParameterReader[170] - Unable to interpret the implicit parameter configuration with dataType: String, dataTypeClass: class java.lang.Void
2022-06-15 16:57:14.800 [main] WARN  s.d.s.r.operation.OperationImplicitParameterReader[170] - Unable to interpret the implicit parameter configuration with dataType: String, dataTypeClass: class java.lang.Void
2022-06-15 16:57:14.803 [main] WARN  s.d.s.r.operation.OperationImplicitParameterReader[170] - Unable to interpret the implicit parameter configuration with dataType: String, dataTypeClass: class java.lang.Void
2022-06-15 16:57:14.836 [main] INFO  com.gameserver.GameServerApplication[61] - Started GameServerApplication in 4.959 seconds (JVM running for 6.505)
2022-06-15 16:57:14.899 [main] INFO  com.zaxxer.hikari.HikariDataSource[110] - HikariPool-1 - Starting...
2022-06-15 16:57:15.896 [main] INFO  com.zaxxer.hikari.HikariDataSource[123] - HikariPool-1 - Start completed.
2022-06-15 23:35:09.261 [SpringApplicationShutdownHook] INFO  com.zaxxer.hikari.HikariDataSource[350] - HikariPool-1 - Shutdown initiated...
2022-06-15 23:35:09.290 [SpringApplicationShutdownHook] INFO  com.zaxxer.hikari.HikariDataSource[352] - HikariPool-1 - Shutdown completed.
