2022-06-21 22:46:59.080 [main] INFO  com.gameserver.GameServerApplication[55] - Starting GameServerApplication using Java 1.8.0_261 on DESKTOP-P25BT9T with PID 5372 (D:\IdeaProjects\Game\GameServer\target\classes started by KittyGuy in D:\IdeaProjects\Game)
2022-06-21 22:46:59.086 [main] INFO  com.gameserver.GameServerApplication[659] - No active profile set, falling back to default profiles: default
2022-06-21 22:47:00.591 [main] INFO  o.s.boot.web.embedded.tomcat.TomcatWebServer[108] - Tomcat initialized with port(s): 8081 (http)
2022-06-21 22:47:00.600 [main] INFO  org.apache.coyote.http11.Http11NioProtocol[173] - Initializing ProtocolHandler ["http-nio-8081"]
2022-06-21 22:47:00.601 [main] INFO  org.apache.catalina.core.StandardService[173] - Starting service [Tomcat]
2022-06-21 22:47:00.601 [main] INFO  org.apache.catalina.core.StandardEngine[173] - Starting Servlet engine: [Apache Tomcat/9.0.53]
2022-06-21 22:47:00.603 [main] INFO  org.apache.catalina.core.AprLifecycleListener[173] - An older version [1.2.26] of the Apache Tomcat Native library is installed, while Tomcat recommends a minimum version of [1.2.30]
2022-06-21 22:47:00.603 [main] INFO  org.apache.catalina.core.AprLifecycleListener[173] - Loaded Apache Tomcat Native library [1.2.26] using APR version [1.7.0].
2022-06-21 22:47:00.603 [main] INFO  org.apache.catalina.core.AprLifecycleListener[173] - APR capabilities: IPv6 [true], sendfile [true], accept filters [false], random [true], UDS [true].
2022-06-21 22:47:00.603 [main] INFO  org.apache.catalina.core.AprLifecycleListener[173] - APR/OpenSSL configuration: useAprConnector [false], useOpenSSL [true]
2022-06-21 22:47:00.616 [main] INFO  org.apache.catalina.core.AprLifecycleListener[173] - OpenSSL successfully initialized [OpenSSL 1.1.1i  8 Dec 2020]
2022-06-21 22:47:00.713 [main] INFO  o.a.c.core.ContainerBase.[Tomcat].[localhost].[/][173] - Initializing Spring embedded WebApplicationContext
2022-06-21 22:47:00.713 [main] INFO  o.s.b.w.s.c.ServletWebServerApplicationContext[290] - Root WebApplicationContext: initialization completed in 1585 ms
2022-06-21 22:47:02.811 [main] INFO  org.apache.coyote.http11.Http11NioProtocol[173] - Starting ProtocolHandler ["http-nio-8081"]
2022-06-21 22:47:02.828 [main] INFO  o.s.boot.web.embedded.tomcat.TomcatWebServer[220] - Tomcat started on port(s): 8081 (http) with context path ''
2022-06-21 22:47:03.004 [main] WARN  s.d.s.r.operation.OperationImplicitParameterReader[170] - Unable to interpret the implicit parameter configuration with dataType: String, dataTypeClass: class java.lang.Void
2022-06-21 22:47:03.022 [main] WARN  s.d.s.r.operation.OperationImplicitParameterReader[170] - Unable to interpret the implicit parameter configuration with dataType: String, dataTypeClass: class java.lang.Void
2022-06-21 22:47:03.029 [main] WARN  s.d.s.r.operation.OperationImplicitParameterReader[170] - Unable to interpret the implicit parameter configuration with dataType: String, dataTypeClass: class java.lang.Void
2022-06-21 22:47:03.034 [main] WARN  s.d.s.r.operation.OperationImplicitParameterReader[170] - Unable to interpret the implicit parameter configuration with dataType: String, dataTypeClass: class java.lang.Void
2022-06-21 22:47:03.048 [main] WARN  s.d.s.r.operation.OperationImplicitParameterReader[170] - Unable to interpret the implicit parameter configuration with dataType: String, dataTypeClass: class java.lang.Void
2022-06-21 22:47:03.052 [main] WARN  s.d.s.r.operation.OperationImplicitParameterReader[170] - Unable to interpret the implicit parameter configuration with dataType: String, dataTypeClass: class java.lang.Void
2022-06-21 22:47:03.059 [main] WARN  s.d.s.r.operation.OperationImplicitParameterReader[170] - Unable to interpret the implicit parameter configuration with dataType: String, dataTypeClass: class java.lang.Void
2022-06-21 22:47:03.080 [main] WARN  s.d.s.r.operation.OperationImplicitParameterReader[170] - Unable to interpret the implicit parameter configuration with dataType: String, dataTypeClass: class java.lang.Void
2022-06-21 22:47:03.082 [main] WARN  s.d.s.r.operation.OperationImplicitParameterReader[170] - Unable to interpret the implicit parameter configuration with dataType: String, dataTypeClass: class java.lang.Void
2022-06-21 22:47:03.086 [main] WARN  s.d.s.r.operation.OperationImplicitParameterReader[170] - Unable to interpret the implicit parameter configuration with dataType: String, dataTypeClass: class java.lang.Void
2022-06-21 22:47:03.089 [main] WARN  s.d.s.r.operation.OperationImplicitParameterReader[170] - Unable to interpret the implicit parameter configuration with dataType: String, dataTypeClass: class java.lang.Void
2022-06-21 22:47:03.092 [main] WARN  s.d.s.r.operation.OperationImplicitParameterReader[170] - Unable to interpret the implicit parameter configuration with dataType: String, dataTypeClass: class java.lang.Void
2022-06-21 22:47:03.095 [main] WARN  s.d.s.r.operation.OperationImplicitParameterReader[170] - Unable to interpret the implicit parameter configuration with dataType: String, dataTypeClass: class java.lang.Void
2022-06-21 22:47:03.099 [main] WARN  s.d.s.r.operation.OperationImplicitParameterReader[170] - Unable to interpret the implicit parameter configuration with dataType: String, dataTypeClass: class java.lang.Void
2022-06-21 22:47:03.102 [main] WARN  s.d.s.r.operation.OperationImplicitParameterReader[170] - Unable to interpret the implicit parameter configuration with dataType: String, dataTypeClass: class java.lang.Void
2022-06-21 22:47:03.127 [main] INFO  com.gameserver.GameServerApplication[61] - Started GameServerApplication in 4.582 seconds (JVM running for 6.087)
2022-06-21 22:47:03.207 [main] INFO  com.zaxxer.hikari.HikariDataSource[110] - HikariPool-1 - Starting...
2022-06-21 22:47:04.222 [main] INFO  com.zaxxer.hikari.HikariDataSource[123] - HikariPool-1 - Start completed.
2022-06-21 22:52:58.034 [SpringApplicationShutdownHook] INFO  com.zaxxer.hikari.HikariDataSource[350] - HikariPool-1 - Shutdown initiated...
2022-06-21 22:52:58.046 [SpringApplicationShutdownHook] INFO  com.zaxxer.hikari.HikariDataSource[352] - HikariPool-1 - Shutdown completed.
